2022-11-18 10:54:33.965  INFO 12441 --- [           main] c.rkdevblog.redis.RedisApplicationTests  : Starting RedisApplicationTests on COMP-C02FN0SUML87 with PID 12441 (started by jay.dave in /Users/jay.dave/Desktop/redis-lettuce-spring-boot-example-docker)
2022-11-18 10:54:33.966 DEBUG 12441 --- [           main] c.rkdevblog.redis.RedisApplicationTests  : Running with Spring Boot v2.2.4.RELEASE, Spring v5.2.3.RELEASE
2022-11-18 10:54:33.966  INFO 12441 --- [           main] c.rkdevblog.redis.RedisApplicationTests  : No active profile set, falling back to default profiles: default
2022-11-18 10:54:34.444  INFO 12441 --- [           main] .s.d.r.c.RepositoryConfigurationDelegate : Multiple Spring Data modules found, entering strict repository configuration mode!
2022-11-18 10:54:34.448  INFO 12441 --- [           main] .s.d.r.c.RepositoryConfigurationDelegate : Bootstrapping Spring Data Redis repositories in DEFAULT mode.
2022-11-18 10:54:34.497  INFO 12441 --- [           main] .s.d.r.c.RepositoryConfigurationDelegate : Finished Spring Data repository scanning in 19ms. Found 0 Redis repository interfaces.
2022-11-18 10:54:35.577  INFO 12441 --- [           main] o.s.s.concurrent.ThreadPoolTaskExecutor  : Initializing ExecutorService 'applicationTaskExecutor'
2022-11-18 10:54:35.797  INFO 12441 --- [           main] c.rkdevblog.redis.RedisApplicationTests  : Started RedisApplicationTests in 2.188 seconds (JVM running for 3.024)
2022-11-18 10:54:36.128  INFO 12441 --- [extShutdownHook] o.s.s.concurrent.ThreadPoolTaskExecutor  : Shutting down ExecutorService 'applicationTaskExecutor'
2022-11-18 16:26:59.958  INFO 57800 --- [           main] c.rkdevblog.redis.RedisApplicationTests  : Starting RedisApplicationTests on COMP-C02FN0SUML87 with PID 57800 (started by jay.dave in /Users/jay.dave/Desktop/redis-lettuce-spring-boot-example-docker)
2022-11-18 16:26:59.960 DEBUG 57800 --- [           main] c.rkdevblog.redis.RedisApplicationTests  : Running with Spring Boot v2.2.4.RELEASE, Spring v5.2.3.RELEASE
2022-11-18 16:26:59.962  INFO 57800 --- [           main] c.rkdevblog.redis.RedisApplicationTests  : No active profile set, falling back to default profiles: default
2022-11-18 16:27:00.609  INFO 57800 --- [           main] .s.d.r.c.RepositoryConfigurationDelegate : Multiple Spring Data modules found, entering strict repository configuration mode!
2022-11-18 16:27:00.615  INFO 57800 --- [           main] .s.d.r.c.RepositoryConfigurationDelegate : Bootstrapping Spring Data Redis repositories in DEFAULT mode.
2022-11-18 16:27:00.662  INFO 57800 --- [           main] .s.d.r.c.RepositoryConfigurationDelegate : Finished Spring Data repository scanning in 18ms. Found 0 Redis repository interfaces.
2022-11-18 16:27:01.917  INFO 57800 --- [           main] o.s.s.concurrent.ThreadPoolTaskExecutor  : Initializing ExecutorService 'applicationTaskExecutor'
2022-11-18 16:27:02.259  INFO 57800 --- [           main] c.rkdevblog.redis.RedisApplicationTests  : Started RedisApplicationTests in 2.882 seconds (JVM running for 4.236)
2022-11-18 16:27:02.679  INFO 57800 --- [extShutdownHook] o.s.s.concurrent.ThreadPoolTaskExecutor  : Shutting down ExecutorService 'applicationTaskExecutor'
2022-11-18 16:31:05.043  INFO 58541 --- [           main] c.rkdevblog.redis.RedisApplicationTests  : Starting RedisApplicationTests on COMP-C02FN0SUML87 with PID 58541 (started by jay.dave in /Users/jay.dave/Desktop/redis-lettuce-spring-boot-example-docker)
2022-11-18 16:31:05.044 DEBUG 58541 --- [           main] c.rkdevblog.redis.RedisApplicationTests  : Running with Spring Boot v2.2.4.RELEASE, Spring v5.2.3.RELEASE
2022-11-18 16:31:05.045  INFO 58541 --- [           main] c.rkdevblog.redis.RedisApplicationTests  : No active profile set, falling back to default profiles: default
2022-11-18 16:31:05.743  INFO 58541 --- [           main] .s.d.r.c.RepositoryConfigurationDelegate : Multiple Spring Data modules found, entering strict repository configuration mode!
2022-11-18 16:31:05.746  INFO 58541 --- [           main] .s.d.r.c.RepositoryConfigurationDelegate : Bootstrapping Spring Data Redis repositories in DEFAULT mode.
2022-11-18 16:31:05.807  INFO 58541 --- [           main] .s.d.r.c.RepositoryConfigurationDelegate : Finished Spring Data repository scanning in 28ms. Found 0 Redis repository interfaces.
2022-11-18 16:31:07.052  INFO 58541 --- [           main] o.s.s.concurrent.ThreadPoolTaskExecutor  : Initializing ExecutorService 'applicationTaskExecutor'
2022-11-18 16:31:07.463  INFO 58541 --- [           main] c.rkdevblog.redis.RedisApplicationTests  : Started RedisApplicationTests in 2.895 seconds (JVM running for 3.935)
2022-11-18 16:31:07.862  INFO 58541 --- [extShutdownHook] o.s.s.concurrent.ThreadPoolTaskExecutor  : Shutting down ExecutorService 'applicationTaskExecutor'
2022-11-18 16:39:48.538  INFO 60050 --- [           main] c.rkdevblog.redis.RedisApplicationTests  : Starting RedisApplicationTests on COMP-C02FN0SUML87 with PID 60050 (started by jay.dave in /Users/jay.dave/Desktop/redis-lettuce-spring-boot-example-docker)
2022-11-18 16:39:48.540 DEBUG 60050 --- [           main] c.rkdevblog.redis.RedisApplicationTests  : Running with Spring Boot v2.2.4.RELEASE, Spring v5.2.3.RELEASE
2022-11-18 16:39:48.542  INFO 60050 --- [           main] c.rkdevblog.redis.RedisApplicationTests  : No active profile set, falling back to default profiles: default
2022-11-18 16:39:49.602  INFO 60050 --- [           main] .s.d.r.c.RepositoryConfigurationDelegate : Multiple Spring Data modules found, entering strict repository configuration mode!
2022-11-18 16:39:49.605  INFO 60050 --- [           main] .s.d.r.c.RepositoryConfigurationDelegate : Bootstrapping Spring Data Redis repositories in DEFAULT mode.
2022-11-18 16:39:49.726  INFO 60050 --- [           main] .s.d.r.c.RepositoryConfigurationDelegate : Finished Spring Data repository scanning in 84ms. Found 0 Redis repository interfaces.
2022-11-18 16:39:50.526  WARN 60050 --- [           main] o.s.w.c.s.GenericWebApplicationContext   : Exception encountered during context initialization - cancelling refresh attempt: org.springframework.beans.factory.UnsatisfiedDependencyException: Error creating bean with name 'controller' defined in file [/Users/jay.dave/Desktop/redis-lettuce-spring-boot-example-docker/target/classes/com/rkdevblog/redis/controller/Controller.class]: Unsatisfied dependency expressed through constructor parameter 2; nested exception is org.springframework.beans.factory.NoSuchBeanDefinitionException: No qualifying bean of type 'com.rkdevblog.interceptors.RedisTraceInterceptor' available: expected at least 1 bean which qualifies as autowire candidate. Dependency annotations: {}
2022-11-18 16:39:50.659  INFO 60050 --- [           main] ConditionEvaluationReportLoggingListener : 

Error starting ApplicationContext. To display the conditions report re-run your application with 'debug' enabled.
2022-11-18 16:39:50.787 ERROR 60050 --- [           main] o.s.b.d.LoggingFailureAnalysisReporter   : 

***************************
APPLICATION FAILED TO START
***************************

Description:

Parameter 2 of constructor in com.rkdevblog.redis.controller.Controller required a bean of type 'com.rkdevblog.interceptors.RedisTraceInterceptor' that could not be found.


Action:

Consider defining a bean of type 'com.rkdevblog.interceptors.RedisTraceInterceptor' in your configuration.

2022-11-18 16:39:50.792 ERROR 60050 --- [           main] o.s.test.context.TestContextManager      : Caught exception while allowing TestExecutionListener [org.springframework.test.context.web.ServletTestExecutionListener@2462cb01] to prepare test instance [com.rkdevblog.redis.RedisApplicationTests@20c812c8]

java.lang.IllegalStateException: Failed to load ApplicationContext
	at org.springframework.test.context.cache.DefaultCacheAwareContextLoaderDelegate.loadContext(DefaultCacheAwareContextLoaderDelegate.java:132)
	at org.springframework.test.context.support.DefaultTestContext.getApplicationContext(DefaultTestContext.java:123)
	at org.springframework.test.context.web.ServletTestExecutionListener.setUpRequestContextIfNecessary(ServletTestExecutionListener.java:190)
	at org.springframework.test.context.web.ServletTestExecutionListener.prepareTestInstance(ServletTestExecutionListener.java:132)
	at org.springframework.test.context.TestContextManager.prepareTestInstance(TestContextManager.java:244)
	at org.springframework.test.context.junit.jupiter.SpringExtension.postProcessTestInstance(SpringExtension.java:98)
	at org.junit.jupiter.engine.descriptor.ClassBasedTestDescriptor.lambda$invokeTestInstancePostProcessors$5(ClassBasedTestDescriptor.java:337)
	at org.junit.jupiter.engine.descriptor.ClassBasedTestDescriptor.executeAndMaskThrowable(ClassBasedTestDescriptor.java:342)
	at org.junit.jupiter.engine.descriptor.ClassBasedTestDescriptor.lambda$invokeTestInstancePostProcessors$6(ClassBasedTestDescriptor.java:337)
	at java.base/java.util.stream.ReferencePipeline$3$1.accept(ReferencePipeline.java:197)
	at java.base/java.util.stream.ReferencePipeline$2$1.accept(ReferencePipeline.java:179)
	at java.base/java.util.ArrayList$ArrayListSpliterator.forEachRemaining(ArrayList.java:1625)
	at java.base/java.util.stream.AbstractPipeline.copyInto(AbstractPipeline.java:509)
	at java.base/java.util.stream.AbstractPipeline.wrapAndCopyInto(AbstractPipeline.java:499)
	at java.base/java.util.stream.StreamSpliterators$WrappingSpliterator.forEachRemaining(StreamSpliterators.java:310)
	at java.base/java.util.stream.Streams$ConcatSpliterator.forEachRemaining(Streams.java:735)
	at java.base/java.util.stream.Streams$ConcatSpliterator.forEachRemaining(Streams.java:734)
	at java.base/java.util.stream.ReferencePipeline$Head.forEach(ReferencePipeline.java:762)
	at org.junit.jupiter.engine.descriptor.ClassBasedTestDescriptor.invokeTestInstancePostProcessors(ClassBasedTestDescriptor.java:336)
	at org.junit.jupiter.engine.descriptor.ClassBasedTestDescriptor.instantiateAndPostProcessTestInstance(ClassBasedTestDescriptor.java:259)
	at org.junit.jupiter.engine.descriptor.ClassBasedTestDescriptor.lambda$testInstancesProvider$2(ClassBasedTestDescriptor.java:252)
	at java.base/java.util.Optional.orElseGet(Optional.java:364)
	at org.junit.jupiter.engine.descriptor.ClassBasedTestDescriptor.lambda$testInstancesProvider$3(ClassBasedTestDescriptor.java:251)
	at org.junit.jupiter.engine.execution.TestInstancesProvider.getTestInstances(TestInstancesProvider.java:29)
	at org.junit.jupiter.engine.descriptor.TestMethodTestDescriptor.lambda$prepare$0(TestMethodTestDescriptor.java:106)
	at org.junit.platform.engine.support.hierarchical.ThrowableCollector.execute(ThrowableCollector.java:73)
	at org.junit.jupiter.engine.descriptor.TestMethodTestDescriptor.prepare(TestMethodTestDescriptor.java:105)
	at org.junit.jupiter.engine.descriptor.TestMethodTestDescriptor.prepare(TestMethodTestDescriptor.java:69)
	at org.junit.platform.engine.support.hierarchical.NodeTestTask.lambda$prepare$1(NodeTestTask.java:107)
	at org.junit.platform.engine.support.hierarchical.ThrowableCollector.execute(ThrowableCollector.java:73)
	at org.junit.platform.engine.support.hierarchical.NodeTestTask.prepare(NodeTestTask.java:107)
	at org.junit.platform.engine.support.hierarchical.NodeTestTask.execute(NodeTestTask.java:75)
	at java.base/java.util.ArrayList.forEach(ArrayList.java:1511)
	at org.junit.platform.engine.support.hierarchical.SameThreadHierarchicalTestExecutorService.invokeAll(SameThreadHierarchicalTestExecutorService.java:38)
	at org.junit.platform.engine.support.hierarchical.NodeTestTask.lambda$executeRecursively$5(NodeTestTask.java:139)
	at org.junit.platform.engine.support.hierarchical.ThrowableCollector.execute(ThrowableCollector.java:73)
	at org.junit.platform.engine.support.hierarchical.NodeTestTask.lambda$executeRecursively$7(NodeTestTask.java:125)
	at org.junit.platform.engine.support.hierarchical.Node.around(Node.java:135)
	at org.junit.platform.engine.support.hierarchical.NodeTestTask.lambda$executeRecursively$8(NodeTestTask.java:123)
	at org.junit.platform.engine.support.hierarchical.ThrowableCollector.execute(ThrowableCollector.java:73)
	at org.junit.platform.engine.support.hierarchical.NodeTestTask.executeRecursively(NodeTestTask.java:122)
	at org.junit.platform.engine.support.hierarchical.NodeTestTask.execute(NodeTestTask.java:80)
	at java.base/java.util.ArrayList.forEach(ArrayList.java:1511)
	at org.junit.platform.engine.support.hierarchical.SameThreadHierarchicalTestExecutorService.invokeAll(SameThreadHierarchicalTestExecutorService.java:38)
	at org.junit.platform.engine.support.hierarchical.NodeTestTask.lambda$executeRecursively$5(NodeTestTask.java:139)
	at org.junit.platform.engine.support.hierarchical.ThrowableCollector.execute(ThrowableCollector.java:73)
	at org.junit.platform.engine.support.hierarchical.NodeTestTask.lambda$executeRecursively$7(NodeTestTask.java:125)
	at org.junit.platform.engine.support.hierarchical.Node.around(Node.java:135)
	at org.junit.platform.engine.support.hierarchical.NodeTestTask.lambda$executeRecursively$8(NodeTestTask.java:123)
	at org.junit.platform.engine.support.hierarchical.ThrowableCollector.execute(ThrowableCollector.java:73)
	at org.junit.platform.engine.support.hierarchical.NodeTestTask.executeRecursively(NodeTestTask.java:122)
	at org.junit.platform.engine.support.hierarchical.NodeTestTask.execute(NodeTestTask.java:80)
	at org.junit.platform.engine.support.hierarchical.SameThreadHierarchicalTestExecutorService.submit(SameThreadHierarchicalTestExecutorService.java:32)
	at org.junit.platform.engine.support.hierarchical.HierarchicalTestExecutor.execute(HierarchicalTestExecutor.java:57)
	at org.junit.platform.engine.support.hierarchical.HierarchicalTestEngine.execute(HierarchicalTestEngine.java:51)
	at org.junit.platform.launcher.core.DefaultLauncher.execute(DefaultLauncher.java:220)
	at org.junit.platform.launcher.core.DefaultLauncher.lambda$execute$6(DefaultLauncher.java:188)
	at org.junit.platform.launcher.core.DefaultLauncher.withInterceptedStreams(DefaultLauncher.java:202)
	at org.junit.platform.launcher.core.DefaultLauncher.execute(DefaultLauncher.java:181)
	at org.junit.platform.launcher.core.DefaultLauncher.execute(DefaultLauncher.java:128)
	at org.apache.maven.surefire.junitplatform.JUnitPlatformProvider.invokeAllTests(JUnitPlatformProvider.java:150)
	at org.apache.maven.surefire.junitplatform.JUnitPlatformProvider.invoke(JUnitPlatformProvider.java:124)
	at org.apache.maven.surefire.booter.ForkedBooter.invokeProviderInSameClassLoader(ForkedBooter.java:384)
	at org.apache.maven.surefire.booter.ForkedBooter.runSuitesInProcess(ForkedBooter.java:345)
	at org.apache.maven.surefire.booter.ForkedBooter.execute(ForkedBooter.java:126)
	at org.apache.maven.surefire.booter.ForkedBooter.main(ForkedBooter.java:418)
Caused by: org.springframework.beans.factory.UnsatisfiedDependencyException: Error creating bean with name 'controller' defined in file [/Users/jay.dave/Desktop/redis-lettuce-spring-boot-example-docker/target/classes/com/rkdevblog/redis/controller/Controller.class]: Unsatisfied dependency expressed through constructor parameter 2; nested exception is org.springframework.beans.factory.NoSuchBeanDefinitionException: No qualifying bean of type 'com.rkdevblog.interceptors.RedisTraceInterceptor' available: expected at least 1 bean which qualifies as autowire candidate. Dependency annotations: {}
	at org.springframework.beans.factory.support.ConstructorResolver.createArgumentArray(ConstructorResolver.java:798)
	at org.springframework.beans.factory.support.ConstructorResolver.autowireConstructor(ConstructorResolver.java:228)
	at org.springframework.beans.factory.support.AbstractAutowireCapableBeanFactory.autowireConstructor(AbstractAutowireCapableBeanFactory.java:1358)
	at org.springframework.beans.factory.support.AbstractAutowireCapableBeanFactory.createBeanInstance(AbstractAutowireCapableBeanFactory.java:1204)
	at org.springframework.beans.factory.support.AbstractAutowireCapableBeanFactory.doCreateBean(AbstractAutowireCapableBeanFactory.java:557)
	at org.springframework.beans.factory.support.AbstractAutowireCapableBeanFactory.createBean(AbstractAutowireCapableBeanFactory.java:517)
	at org.springframework.beans.factory.support.AbstractBeanFactory.lambda$doGetBean$0(AbstractBeanFactory.java:323)
	at org.springframework.beans.factory.support.DefaultSingletonBeanRegistry.getSingleton(DefaultSingletonBeanRegistry.java:222)
	at org.springframework.beans.factory.support.AbstractBeanFactory.doGetBean(AbstractBeanFactory.java:321)
	at org.springframework.beans.factory.support.AbstractBeanFactory.getBean(AbstractBeanFactory.java:202)
	at org.springframework.beans.factory.support.DefaultListableBeanFactory.preInstantiateSingletons(DefaultListableBeanFactory.java:879)
	at org.springframework.context.support.AbstractApplicationContext.finishBeanFactoryInitialization(AbstractApplicationContext.java:878)
	at org.springframework.context.support.AbstractApplicationContext.refresh(AbstractApplicationContext.java:550)
	at org.springframework.boot.SpringApplication.refresh(SpringApplication.java:747)
	at org.springframework.boot.SpringApplication.refreshContext(SpringApplication.java:397)
	at org.springframework.boot.SpringApplication.run(SpringApplication.java:315)
	at org.springframework.boot.test.context.SpringBootContextLoader.loadContext(SpringBootContextLoader.java:126)
	at org.springframework.test.context.cache.DefaultCacheAwareContextLoaderDelegate.loadContextInternal(DefaultCacheAwareContextLoaderDelegate.java:99)
	at org.springframework.test.context.cache.DefaultCacheAwareContextLoaderDelegate.loadContext(DefaultCacheAwareContextLoaderDelegate.java:124)
	... 65 common frames omitted
Caused by: org.springframework.beans.factory.NoSuchBeanDefinitionException: No qualifying bean of type 'com.rkdevblog.interceptors.RedisTraceInterceptor' available: expected at least 1 bean which qualifies as autowire candidate. Dependency annotations: {}
	at org.springframework.beans.factory.support.DefaultListableBeanFactory.raiseNoMatchingBeanFound(DefaultListableBeanFactory.java:1695)
	at org.springframework.beans.factory.support.DefaultListableBeanFactory.doResolveDependency(DefaultListableBeanFactory.java:1253)
	at org.springframework.beans.factory.support.DefaultListableBeanFactory.resolveDependency(DefaultListableBeanFactory.java:1207)
	at org.springframework.beans.factory.support.ConstructorResolver.resolveAutowiredArgument(ConstructorResolver.java:885)
	at org.springframework.beans.factory.support.ConstructorResolver.createArgumentArray(ConstructorResolver.java:789)
	... 83 common frames omitted

2022-11-18 16:41:01.638  INFO 60326 --- [           main] c.rkdevblog.redis.RedisApplicationTests  : Starting RedisApplicationTests on COMP-C02FN0SUML87 with PID 60326 (started by jay.dave in /Users/jay.dave/Desktop/redis-lettuce-spring-boot-example-docker)
2022-11-18 16:41:01.639 DEBUG 60326 --- [           main] c.rkdevblog.redis.RedisApplicationTests  : Running with Spring Boot v2.2.4.RELEASE, Spring v5.2.3.RELEASE
2022-11-18 16:41:01.639  INFO 60326 --- [           main] c.rkdevblog.redis.RedisApplicationTests  : No active profile set, falling back to default profiles: default
2022-11-18 16:41:02.158  INFO 60326 --- [           main] .s.d.r.c.RepositoryConfigurationDelegate : Multiple Spring Data modules found, entering strict repository configuration mode!
2022-11-18 16:41:02.161  INFO 60326 --- [           main] .s.d.r.c.RepositoryConfigurationDelegate : Bootstrapping Spring Data Redis repositories in DEFAULT mode.
2022-11-18 16:41:02.196  INFO 60326 --- [           main] .s.d.r.c.RepositoryConfigurationDelegate : Finished Spring Data repository scanning in 17ms. Found 0 Redis repository interfaces.
2022-11-18 16:41:03.184  INFO 60326 --- [           main] o.s.s.concurrent.ThreadPoolTaskExecutor  : Initializing ExecutorService 'applicationTaskExecutor'
2022-11-18 16:41:03.466  INFO 60326 --- [           main] c.rkdevblog.redis.RedisApplicationTests  : Started RedisApplicationTests in 2.333 seconds (JVM running for 3.29)
2022-11-18 16:41:03.850  INFO 60326 --- [extShutdownHook] o.s.s.concurrent.ThreadPoolTaskExecutor  : Shutting down ExecutorService 'applicationTaskExecutor'
2022-11-18 16:47:24.161  INFO 61470 --- [           main] c.rkdevblog.redis.RedisApplicationTests  : Starting RedisApplicationTests on COMP-C02FN0SUML87 with PID 61470 (started by jay.dave in /Users/jay.dave/Desktop/redis-lettuce-spring-boot-example-docker)
2022-11-18 16:47:24.163 DEBUG 61470 --- [           main] c.rkdevblog.redis.RedisApplicationTests  : Running with Spring Boot v2.2.4.RELEASE, Spring v5.2.3.RELEASE
2022-11-18 16:47:24.165  INFO 61470 --- [           main] c.rkdevblog.redis.RedisApplicationTests  : No active profile set, falling back to default profiles: default
2022-11-18 16:47:24.751  INFO 61470 --- [           main] .s.d.r.c.RepositoryConfigurationDelegate : Multiple Spring Data modules found, entering strict repository configuration mode!
2022-11-18 16:47:24.754  INFO 61470 --- [           main] .s.d.r.c.RepositoryConfigurationDelegate : Bootstrapping Spring Data Redis repositories in DEFAULT mode.
2022-11-18 16:47:24.800  INFO 61470 --- [           main] .s.d.r.c.RepositoryConfigurationDelegate : Finished Spring Data repository scanning in 28ms. Found 0 Redis repository interfaces.
2022-11-18 16:47:25.860  INFO 61470 --- [           main] o.s.s.concurrent.ThreadPoolTaskExecutor  : Initializing ExecutorService 'applicationTaskExecutor'
2022-11-18 16:47:26.182  INFO 61470 --- [           main] c.rkdevblog.redis.RedisApplicationTests  : Started RedisApplicationTests in 2.574 seconds (JVM running for 3.806)
2022-11-18 16:47:26.654  INFO 61470 --- [extShutdownHook] o.s.s.concurrent.ThreadPoolTaskExecutor  : Shutting down ExecutorService 'applicationTaskExecutor'
2022-11-18 16:53:03.654  INFO 62719 --- [           main] c.rkdevblog.redis.RedisApplicationTests  : Starting RedisApplicationTests on COMP-C02FN0SUML87 with PID 62719 (started by jay.dave in /Users/jay.dave/Desktop/redis-lettuce-spring-boot-example-docker)
2022-11-18 16:53:03.659 DEBUG 62719 --- [           main] c.rkdevblog.redis.RedisApplicationTests  : Running with Spring Boot v2.2.4.RELEASE, Spring v5.2.3.RELEASE
2022-11-18 16:53:03.661  INFO 62719 --- [           main] c.rkdevblog.redis.RedisApplicationTests  : No active profile set, falling back to default profiles: default
2022-11-18 16:53:04.400  INFO 62719 --- [           main] .s.d.r.c.RepositoryConfigurationDelegate : Multiple Spring Data modules found, entering strict repository configuration mode!
2022-11-18 16:53:04.404  INFO 62719 --- [           main] .s.d.r.c.RepositoryConfigurationDelegate : Bootstrapping Spring Data Redis repositories in DEFAULT mode.
2022-11-18 16:53:04.470  INFO 62719 --- [           main] .s.d.r.c.RepositoryConfigurationDelegate : Finished Spring Data repository scanning in 19ms. Found 0 Redis repository interfaces.
2022-11-18 16:53:05.935  INFO 62719 --- [           main] o.s.s.concurrent.ThreadPoolTaskExecutor  : Initializing ExecutorService 'applicationTaskExecutor'
2022-11-18 16:53:06.536  INFO 62719 --- [           main] c.rkdevblog.redis.RedisApplicationTests  : Started RedisApplicationTests in 3.556 seconds (JVM running for 4.82)
2022-11-18 16:53:07.050  INFO 62719 --- [extShutdownHook] o.s.s.concurrent.ThreadPoolTaskExecutor  : Shutting down ExecutorService 'applicationTaskExecutor'
2022-11-18 16:59:01.029  INFO 64493 --- [           main] c.rkdevblog.redis.RedisApplicationTests  : Starting RedisApplicationTests on COMP-C02FN0SUML87 with PID 64493 (started by jay.dave in /Users/jay.dave/Desktop/redis-lettuce-spring-boot-example-docker)
2022-11-18 16:59:01.030 DEBUG 64493 --- [           main] c.rkdevblog.redis.RedisApplicationTests  : Running with Spring Boot v2.2.4.RELEASE, Spring v5.2.3.RELEASE
2022-11-18 16:59:01.032  INFO 64493 --- [           main] c.rkdevblog.redis.RedisApplicationTests  : No active profile set, falling back to default profiles: default
2022-11-18 16:59:01.970  INFO 64493 --- [           main] .s.d.r.c.RepositoryConfigurationDelegate : Multiple Spring Data modules found, entering strict repository configuration mode!
2022-11-18 16:59:01.972  INFO 64493 --- [           main] .s.d.r.c.RepositoryConfigurationDelegate : Bootstrapping Spring Data Redis repositories in DEFAULT mode.
2022-11-18 16:59:02.004  INFO 64493 --- [           main] .s.d.r.c.RepositoryConfigurationDelegate : Finished Spring Data repository scanning in 17ms. Found 0 Redis repository interfaces.
2022-11-18 16:59:03.520  INFO 64493 --- [           main] o.s.s.concurrent.ThreadPoolTaskExecutor  : Initializing ExecutorService 'applicationTaskExecutor'
2022-11-18 16:59:04.164  INFO 64493 --- [           main] c.rkdevblog.redis.RedisApplicationTests  : Started RedisApplicationTests in 3.921 seconds (JVM running for 5.206)
2022-11-18 16:59:05.080  INFO 64493 --- [extShutdownHook] o.s.s.concurrent.ThreadPoolTaskExecutor  : Shutting down ExecutorService 'applicationTaskExecutor'
2022-11-18 17:02:03.979  INFO 65035 --- [           main] c.rkdevblog.redis.RedisApplicationTests  : Starting RedisApplicationTests on COMP-C02FN0SUML87 with PID 65035 (started by jay.dave in /Users/jay.dave/Desktop/redis-lettuce-spring-boot-example-docker)
2022-11-18 17:02:03.981 DEBUG 65035 --- [           main] c.rkdevblog.redis.RedisApplicationTests  : Running with Spring Boot v2.2.4.RELEASE, Spring v5.2.3.RELEASE
2022-11-18 17:02:03.985  INFO 65035 --- [           main] c.rkdevblog.redis.RedisApplicationTests  : No active profile set, falling back to default profiles: default
2022-11-18 17:02:04.724  INFO 65035 --- [           main] .s.d.r.c.RepositoryConfigurationDelegate : Multiple Spring Data modules found, entering strict repository configuration mode!
2022-11-18 17:02:04.727  INFO 65035 --- [           main] .s.d.r.c.RepositoryConfigurationDelegate : Bootstrapping Spring Data Redis repositories in DEFAULT mode.
2022-11-18 17:02:04.754  INFO 65035 --- [           main] .s.d.r.c.RepositoryConfigurationDelegate : Finished Spring Data repository scanning in 13ms. Found 0 Redis repository interfaces.
2022-11-18 17:02:06.144  INFO 65035 --- [           main] o.s.s.concurrent.ThreadPoolTaskExecutor  : Initializing ExecutorService 'applicationTaskExecutor'
2022-11-18 17:02:06.999  INFO 65035 --- [           main] c.rkdevblog.redis.RedisApplicationTests  : Started RedisApplicationTests in 3.683 seconds (JVM running for 4.982)
2022-11-18 17:02:07.529  INFO 65035 --- [extShutdownHook] o.s.s.concurrent.ThreadPoolTaskExecutor  : Shutting down ExecutorService 'applicationTaskExecutor'
2022-11-18 17:04:55.405  INFO 65729 --- [           main] c.rkdevblog.redis.RedisApplicationTests  : Starting RedisApplicationTests on COMP-C02FN0SUML87 with PID 65729 (started by jay.dave in /Users/jay.dave/Desktop/redis-lettuce-spring-boot-example-docker)
2022-11-18 17:04:55.406 DEBUG 65729 --- [           main] c.rkdevblog.redis.RedisApplicationTests  : Running with Spring Boot v2.2.4.RELEASE, Spring v5.2.3.RELEASE
2022-11-18 17:04:55.407  INFO 65729 --- [           main] c.rkdevblog.redis.RedisApplicationTests  : No active profile set, falling back to default profiles: default
2022-11-18 17:04:56.308  INFO 65729 --- [           main] .s.d.r.c.RepositoryConfigurationDelegate : Multiple Spring Data modules found, entering strict repository configuration mode!
2022-11-18 17:04:56.312  INFO 65729 --- [           main] .s.d.r.c.RepositoryConfigurationDelegate : Bootstrapping Spring Data Redis repositories in DEFAULT mode.
2022-11-18 17:04:56.378  INFO 65729 --- [           main] .s.d.r.c.RepositoryConfigurationDelegate : Finished Spring Data repository scanning in 37ms. Found 0 Redis repository interfaces.
2022-11-18 17:04:57.557  INFO 65729 --- [           main] o.s.s.concurrent.ThreadPoolTaskExecutor  : Initializing ExecutorService 'applicationTaskExecutor'
2022-11-18 17:04:58.025  INFO 65729 --- [           main] c.rkdevblog.redis.RedisApplicationTests  : Started RedisApplicationTests in 3.263 seconds (JVM running for 4.507)
2022-11-18 17:04:58.440  INFO 65729 --- [extShutdownHook] o.s.s.concurrent.ThreadPoolTaskExecutor  : Shutting down ExecutorService 'applicationTaskExecutor'
